This is pdfTeX, Version 3.14159265-2.6-1.40.21 (TeX Live 2020/W32TeX) (preloaded format=pdflatex 2020.12.4)  19 DEC 2020 22:47
entering extended mode
 restricted \write18 enabled.
 %&-line parsing enabled.
**Sultan.7-9.tex
(./Sultan.7-9.tex
LaTeX2e <2020-10-01> patch level 2
L3 programming layer <2020-10-27> xparse <2020-03-03>
(e:/New folder/texlive/2020/texmf-dist/tex/latex/base/article.cls
Document Class: article 2020/04/10 v1.4m Standard LaTeX document class
(e:/New folder/texlive/2020/texmf-dist/tex/latex/base/size10.clo
File: size10.clo 2020/04/10 v1.4m Standard LaTeX file (size option)
)
\c@part=\count175
\c@section=\count176
\c@subsection=\count177
\c@subsubsection=\count178
\c@paragraph=\count179
\c@subparagraph=\count180
\c@figure=\count181
\c@table=\count182
\abovecaptionskip=\skip47
\belowcaptionskip=\skip48
\bibindent=\dimen138
)
(e:/New folder/texlive/2020/texmf-dist/tex/latex/graphics/graphicx.sty
Package: graphicx 2020/09/09 v1.2b Enhanced LaTeX Graphics (DPC,SPQR)

(e:/New folder/texlive/2020/texmf-dist/tex/latex/graphics/keyval.sty
Package: keyval 2014/10/28 v1.15 key=value parser (DPC)
\KV@toks@=\toks15
)
(e:/New folder/texlive/2020/texmf-dist/tex/latex/graphics/graphics.sty
Package: graphics 2020/08/30 v1.4c Standard LaTeX Graphics (DPC,SPQR)

(e:/New folder/texlive/2020/texmf-dist/tex/latex/graphics/trig.sty
Package: trig 2016/01/03 v1.10 sin cos tan (DPC)
)
(e:/New folder/texlive/2020/texmf-dist/tex/latex/graphics-cfg/graphics.cfg
File: graphics.cfg 2016/06/04 v1.11 sample graphics configuration
)
Package graphics Info: Driver file: pdftex.def on input line 105.

(e:/New folder/texlive/2020/texmf-dist/tex/latex/graphics-def/pdftex.def
File: pdftex.def 2020/10/05 v1.2a Graphics/color driver for pdftex
))
\Gin@req@height=\dimen139
\Gin@req@width=\dimen140
)
(e:/New folder/texlive/2020/texmf-dist/tex/latex/graphics/epsfig.sty
Package: epsfig 2017/06/25 v1.7b (e)psfig emulation (SPQR)
\epsfxsize=\dimen141
\epsfysize=\dimen142
)
(e:/New folder/texlive/2020/texmf-dist/tex/latex/l3backend/l3backend-pdftex.def
File: l3backend-pdftex.def 2020-09-24 L3 backend support: PDF output (pdfTeX)
\l__kernel_color_stack_int=\count183
\l__pdf_internal_box=\box47
) (./Sultan.7-9.aux

LaTeX Warning: Label `fig_name' multiply defined.

)
\openout1 = `Sultan.7-9.aux'.

LaTeX Font Info:    Checking defaults for OML/cmm/m/it on input line 5.
LaTeX Font Info:    ... okay on input line 5.
LaTeX Font Info:    Checking defaults for OMS/cmsy/m/n on input line 5.
LaTeX Font Info:    ... okay on input line 5.
LaTeX Font Info:    Checking defaults for OT1/cmr/m/n on input line 5.
LaTeX Font Info:    ... okay on input line 5.
LaTeX Font Info:    Checking defaults for T1/cmr/m/n on input line 5.
LaTeX Font Info:    ... okay on input line 5.
LaTeX Font Info:    Checking defaults for TS1/cmr/m/n on input line 5.
LaTeX Font Info:    ... okay on input line 5.
LaTeX Font Info:    Checking defaults for OMX/cmex/m/n on input line 5.
LaTeX Font Info:    ... okay on input line 5.
LaTeX Font Info:    Checking defaults for U/cmr/m/n on input line 5.
LaTeX Font Info:    ... okay on input line 5.
 (e:/New folder/texlive/2020/texmf-dist/tex/context/base/mkii/supp-pdf.mkii
[Loading MPS to PDF converter (version 2006.09.02).]
\scratchcounter=\count184
\scratchdimen=\dimen143
\scratchbox=\box48
\nofMPsegments=\count185
\nofMParguments=\count186
\everyMPshowfont=\toks16
\MPscratchCnt=\count187
\MPscratchDim=\dimen144
\MPnumerator=\count188
\makeMPintoPDFobject=\count189
\everyMPtoPDFconversion=\toks17
)
(e:/New folder/texlive/2020/texmf-dist/tex/latex/epstopdf-pkg/epstopdf-base.sty
Package: epstopdf-base 2020-01-24 v2.11 Base part for package epstopdf
Package epstopdf-base Info: Redefining graphics rule for `.eps' on input line 4
85.
(e:/New folder/texlive/2020/texmf-dist/tex/latex/latexconfig/epstopdf-sys.cfg
File: epstopdf-sys.cfg 2010/07/13 v1.3 Configuration of (r)epstopdf for TeX Liv
e
)) [1

{e:/New folder/texlive/2020/texmf-var/fonts/map/pdftex/updmap/pdftex.map}]
Package epstopdf Info: Source file: <jadval.eps>
(epstopdf)                    date: 2020-12-07 00:52:32
(epstopdf)                    size: 1722615 bytes
(epstopdf)             Output file: <jadval-eps-converted-to.pdf>
(epstopdf)                    date: 2020-12-07 00:59:27
(epstopdf)                    size: 82459 bytes
(epstopdf)             Command: <repstopdf --outfile=jadval-eps-converted-to.pd
f jadval.eps>
(epstopdf)             \includegraphics on input line 46.
Package epstopdf Info: Output file is already uptodate.
<jadval-eps-converted-to.pdf, id=8, 634.37pt x 448.67625pt>
File: jadval-eps-converted-to.pdf Graphic file (type pdf)
<use jadval-eps-converted-to.pdf>
Package pdftex.def Info: jadval-eps-converted-to.pdf  used on input line 46.
(pdftex.def)             Requested size: 312.9803pt x 221.3663pt.

[2 <./jadval-eps-converted-to.pdf>]
Package epstopdf Info: Source file: <bv.eps>
(epstopdf)                    date: 2020-12-07 01:26:59
(epstopdf)                    size: 1499233 bytes
(epstopdf)             Output file: <bv-eps-converted-to.pdf>
(epstopdf)                    date: 2020-12-07 01:28:02
(epstopdf)                    size: 47434 bytes
(epstopdf)             Command: <repstopdf --outfile=bv-eps-converted-to.pdf bv
.eps>
(epstopdf)             \includegraphics on input line 80.
Package epstopdf Info: Output file is already uptodate.
<bv-eps-converted-to.pdf, id=14, 637.38126pt x 388.45125pt>
File: bv-eps-converted-to.pdf Graphic file (type pdf)
<use bv-eps-converted-to.pdf>
Package pdftex.def Info: bv-eps-converted-to.pdf  used on input line 80.
(pdftex.def)             Requested size: 227.62204pt x 138.72208pt.
 [3] [4 <./bv-eps-converted-to.pdf>]
(./Sultan.7-9.aux)

LaTeX Warning: There were multiply-defined labels.

 ) 
Here is how much of TeX's memory you used:
 1207 strings out of 479485
 18632 string characters out of 5870437
 292774 words of memory out of 5000000
 18259 multiletter control sequences out of 15000+600000
 535396 words of font info for 30 fonts, out of 8000000 for 9000
 1141 hyphenation exceptions out of 8191
 66i,6n,72p,1263b,254s stack positions out of 5000i,500n,10000p,200000b,80000s
<e:/New folder/texlive/2020/texmf-dist/fonts/type1/public/amsfonts/cm/cmbx10.
pfb><e:/New folder/texlive/2020/texmf-dist/fonts/type1/public/amsfonts/cm/cmr10
.pfb>
Output written on Sultan.7-9.pdf (4 pages, 168682 bytes).
PDF statistics:
 31 PDF objects out of 1000 (max. 8388607)
 18 compressed objects within 1 object stream
 0 named destinations out of 1000 (max. 500000)
 11 words of extra memory for PDF output out of 10000 (max. 10000000)

